SF:lib\main.dart
DA:6,0
DA:7,0
DA:8,0
DA:9,0
DA:11,0
DA:15,2
DA:18,1
DA:20,1
DA:23,1
DA:24,1
DA:27,1
DA:33,0
DA:46,0
DA:47,0
DA:53,0
DA:54,0
DA:60,0
DA:64,0
DA:72,0
DA:73,0
DA:77,0
DA:80,0
DA:82,0
DA:85,0
DA:100,0
DA:104,0
DA:105,0
DA:106,0
DA:111,0
DA:112,0
LF:30
LH:6
end_of_record
SF:lib\APIService\APIService.dart
DA:5,1
DA:6,2
DA:7,2
DA:8,0
DA:10,1
LF:5
LH:4
end_of_record
SF:lib\HomePage\CategoryPannel.dart
DA:10,1
DA:18,1
DA:20,1
DA:22,0
DA:25,1
DA:26,1
DA:27,0
DA:33,1
DA:34,1
DA:35,1
DA:36,2
DA:37,0
DA:38,0
DA:39,0
DA:40,0
DA:41,0
DA:47,0
DA:48,0
DA:49,0
LF:19
LH:9
end_of_record
SF:lib\HomePage\models.dart
DA:9,0
DA:23,1
DA:29,0
DA:37,0
LF:4
LH:1
end_of_record
SF:lib\HomePage\ChannelGrid.dart
DA:16,1
DA:22,1
DA:24,1
DA:26,0
DA:29,1
DA:30,1
DA:31,0
DA:37,1
DA:45,2
DA:46,0
DA:47,0
DA:48,0
DA:50,0
DA:51,0
DA:52,0
DA:54,0
DA:56,0
DA:57,0
DA:58,0
DA:59,0
DA:60,0
DA:63,0
DA:64,0
DA:65,0
DA:66,0
DA:67,0
DA:68,0
DA:69,0
DA:70,0
DA:72,0
DA:76,0
DA:77,0
LF:32
LH:7
end_of_record
SF:lib\HomePage\HomeViewController.dart
DA:20,1
DA:21,1
DA:24,1
DA:25,2
DA:27,0
DA:28,0
DA:30,0
DA:31,0
DA:32,0
DA:35,0
DA:36,0
DA:42,0
DA:43,0
DA:45,0
DA:46,0
DA:48,0
DA:49,0
DA:51,0
DA:52,0
DA:53,0
DA:54,0
DA:64,0
DA:73,0
DA:95,0
DA:96,0
DA:97,0
DA:98,0
DA:99,0
DA:101,0
DA:102,0
DA:104,0
DA:105,0
DA:106,0
DA:108,0
DA:109,0
DA:110,0
DA:112,0
DA:113,0
DA:116,0
DA:117,0
DA:118,0
DA:121,0
DA:122,0
DA:125,3
DA:126,2
DA:127,0
DA:129,0
DA:131,0
DA:132,0
DA:133,0
DA:136,0
DA:137,0
DA:138,0
DA:140,0
DA:141,0
DA:143,0
DA:146,0
DA:147,0
DA:148,0
DA:149,0
DA:152,0
DA:153,0
DA:154,0
DA:155,0
DA:157,0
DA:159,0
DA:161,0
DA:162,0
DA:163,0
DA:164,0
DA:166,0
DA:168,0
DA:169,0
DA:172,0
DA:174,0
DA:175,0
DA:177,0
DA:179,0
DA:180,0
DA:182,0
DA:185,0
DA:186,0
DA:187,0
DA:190,0
DA:191,0
DA:192,0
DA:193,0
DA:197,0
DA:198,0
DA:199,0
DA:200,0
LF:91
LH:6
end_of_record
SF:lib\VideoPlayerScreen.dart\VideoPlayer.dart
DA:11,0
DA:13,0
DA:14,0
DA:15,0
DA:18,0
DA:20,0
DA:21,0
DA:22,0
DA:31,0
DA:33,0
DA:37,0
DA:38,0
DA:40,0
DA:41,0
DA:42,0
DA:44,0
DA:49,0
DA:50,0
DA:54,0
DA:55,0
DA:56,0
DA:57,0
DA:63,0
DA:64,0
DA:65,0
DA:67,0
LF:26
LH:0
end_of_record
SF:lib\HomePage\HomeView.dart
DA:11,1
DA:17,1
DA:19,1
DA:20,1
DA:21,0
DA:22,0
DA:23,0
DA:24,0
DA:25,0
DA:29,1
DA:31,1
DA:32,1
DA:33,1
DA:34,1
DA:36,1
DA:38,1
DA:39,2
DA:44,1
DA:45,1
DA:46,1
DA:48,1
DA:50,3
DA:51,3
DA:52,1
DA:54,3
DA:56,3
DA:57,2
DA:58,1
DA:64,1
DA:65,1
DA:66,3
DA:67,1
LF:32
LH:27
end_of_record
SF:lib\HomePage\Searchbar.dart
DA:6,1
DA:8,1
DA:10,1
DA:14,1
DA:16,1
DA:20,1
DA:21,1
DA:25,1
LF:8
LH:8
end_of_record
